# JRE version: OpenJDK Runtime Environment (8.0_112-b06) (build 1.8.0_112-release-b06)
# Java VM: OpenJDK 64-Bit Server VM (25.112-b06 mixed mode linux-amd64 compressed oops)
Heap:
 PSYoungGen      total 182272K, used 159609K [0x00000000e0000000, 0x00000000ef600000, 0x0000000100000000)
  eden space 164864K, 86% used [0x00000000e0000000,0x00000000e8ae1eb0,0x00000000ea100000)
  from space 17408K, 99% used [0x00000000ea100000,0x00000000eb1fc918,0x00000000eb200000)
  to   space 24064K, 81% used [0x00000000ede80000,0x00000000ef18e860,0x00000000ef600000)
 ParOldGen       total 100864K, used 32954K [0x00000000a0000000, 0x00000000a6280000, 0x00000000e0000000)
  object space 100864K, 32% used [0x00000000a0000000,0x00000000a202e820,0x00000000a6280000)
 Metaspace       used 57386K, capacity 59042K, committed 59160K, reserved 1099776K
  class space    used 7623K, capacity 7960K, committed 7984K, reserved 1048576K
GC Heap History (10 events):
Event: 9.996 GC heap after
Heap after GC invocations=7 (full 1):
 PSYoungGen      total 135168K, used 7794K [0x00000000e0000000, 0x00000000ec180000, 0x0000000100000000)
  eden space 122368K, 0% used [0x00000000e0000000,0x00000000e0000000,0x00000000e7780000)
  from space 12800K, 60% used [0x00000000e8300000,0x00000000e8a9cb88,0x00000000e8f80000)
  to   space 11776K, 0% used [0x00000000e7780000,0x00000000e7780000,0x00000000e8300000)
 ParOldGen       total 69120K, used 18666K [0x00000000a0000000, 0x00000000a4380000, 0x00000000e0000000)
  object space 69120K, 27% used [0x00000000a0000000,0x00000000a123a948,0x00000000a4380000)
 Metaspace       used 34617K, capacity 35186K, committed 35496K, reserved 1079296K
  class space    used 4644K, capacity 4819K, committed 4912K, reserved 1048576K
}
Event: 9.996 GC heap before
{Heap before GC invocations=8 (full 2):
 PSYoungGen      total 135168K, used 7794K [0x00000000e0000000, 0x00000000ec180000, 0x0000000100000000)
  eden space 122368K, 0% used [0x00000000e0000000,0x00000000e0000000,0x00000000e7780000)
  from space 12800K, 60% used [0x00000000e8300000,0x00000000e8a9cb88,0x00000000e8f80000)
  to   space 11776K, 0% used [0x00000000e7780000,0x00000000e7780000,0x00000000e8300000)
 ParOldGen       total 69120K, used 18666K [0x00000000a0000000, 0x00000000a4380000, 0x00000000e0000000)
  object space 69120K, 27% used [0x00000000a0000000,0x00000000a123a948,0x00000000a4380000)
 Metaspace       used 34617K, capacity 35186K, committed 35496K, reserved 1079296K
  class space    used 4644K, capacity 4819K, committed 4912K, reserved 1048576K
Event: 10.131 GC heap after
Heap after GC invocations=8 (full 2):
 PSYoungGen      total 135168K, used 0K [0x00000000e0000000, 0x00000000ec180000, 0x0000000100000000)
  eden space 122368K, 0% used [0x00000000e0000000,0x00000000e0000000,0x00000000e7780000)
  from space 12800K, 0% used [0x00000000e8300000,0x00000000e8300000,0x00000000e8f80000)
  to   space 11776K, 0% used [0x00000000e7780000,0x00000000e7780000,0x00000000e8300000)
 ParOldGen       total 100864K, used 14895K [0x00000000a0000000, 0x00000000a6280000, 0x00000000e0000000)
  object space 100864K, 14% used [0x00000000a0000000,0x00000000a0e8be80,0x00000000a6280000)
 Metaspace       used 34617K, capacity 35186K, committed 35496K, reserved 1079296K
  class space    used 4644K, capacity 4819K, committed 4912K, reserved 1048576K
}
Event: 11.799 GC heap before
{Heap before GC invocations=9 (full 2):
 PSYoungGen      total 135168K, used 122368K [0x00000000e0000000, 0x00000000ec180000, 0x0000000100000000)
  eden space 122368K, 100% used [0x00000000e0000000,0x00000000e7780000,0x00000000e7780000)
  from space 12800K, 0% used [0x00000000e8300000,0x00000000e8300000,0x00000000e8f80000)
  to   space 11776K, 0% used [0x00000000e7780000,0x00000000e7780000,0x00000000e8300000)
 ParOldGen       total 100864K, used 14895K [0x00000000a0000000, 0x00000000a6280000, 0x00000000e0000000)
  object space 100864K, 14% used [0x00000000a0000000,0x00000000a0e8be80,0x00000000a6280000)
 Metaspace       used 42178K, capacity 42948K, committed 43312K, reserved 1087488K
  class space    used 5651K, capacity 5865K, committed 5936K, reserved 1048576K
Event: 11.809 GC heap after
Heap after GC invocations=9 (full 2):
 PSYoungGen      total 134144K, used 10685K [0x00000000e0000000, 0x00000000ebe80000, 0x0000000100000000)
  eden space 122368K, 0% used [0x00000000e0000000,0x00000000e0000000,0x00000000e7780000)
  from space 11776K, 90% used [0x00000000e7780000,0x00000000e81ef7c0,0x00000000e8300000)
  to   space 12800K, 0% used [0x00000000eb200000,0x00000000eb200000,0x00000000ebe80000)
 ParOldGen       total 100864K, used 14903K [0x00000000a0000000, 0x00000000a6280000, 0x00000000e0000000)
  object space 100864K, 14% used [0x00000000a0000000,0x00000000a0e8de80,0x00000000a6280000)
 Metaspace       used 42178K, capacity 42948K, committed 43312K, reserved 1087488K
  class space    used 5651K, capacity 5865K, committed 5936K, reserved 1048576K
}
Event: 15.678 GC heap before
{Heap before GC invocations=10 (full 2):
 PSYoungGen      total 134144K, used 133053K [0x00000000e0000000, 0x00000000ebe80000, 0x0000000100000000)
  eden space 122368K, 100% used [0x00000000e0000000,0x00000000e7780000,0x00000000e7780000)
  from space 11776K, 90% used [0x00000000e7780000,0x00000000e81ef7c0,0x00000000e8300000)
  to   space 12800K, 0% used [0x00000000eb200000,0x00000000eb200000,0x00000000ebe80000)
 ParOldGen       total 100864K, used 14903K [0x00000000a0000000, 0x00000000a6280000, 0x00000000e0000000)
  object space 100864K, 14% used [0x00000000a0000000,0x00000000a0e8de80,0x00000000a6280000)
 Metaspace       used 49707K, capacity 51156K, committed 51376K, reserved 1093632K
  class space    used 6743K, capacity 7057K, committed 7088K, reserved 1048576K
Event: 15.698 GC heap after
Heap after GC invocations=10 (full 2):
 PSYoungGen      total 177664K, used 12786K [0x00000000e0000000, 0x00000000ec380000, 0x0000000100000000)
  eden space 164864K, 0% used [0x00000000e0000000,0x00000000e0000000,0x00000000ea100000)
  from space 12800K, 99% used [0x00000000eb200000,0x00000000ebe7c8a8,0x00000000ebe80000)
  to   space 17408K, 0% used [0x00000000ea100000,0x00000000ea100000,0x00000000eb200000)
 ParOldGen       total 100864K, used 21835K [0x00000000a0000000, 0x00000000a6280000, 0x00000000e0000000)
  object space 100864K, 21% used [0x00000000a0000000,0x00000000a1552d70,0x00000000a6280000)
 Metaspace       used 49707K, capacity 51156K, committed 51376K, reserved 1093632K
  class space    used 6743K, capacity 7057K, committed 7088K, reserved 1048576K
}
Event: 17.663 GC heap before
{Heap before GC invocations=11 (full 2):
 PSYoungGen      total 177664K, used 177650K [0x00000000e0000000, 0x00000000ec380000, 0x0000000100000000)
  eden space 164864K, 100% used [0x00000000e0000000,0x00000000ea100000,0x00000000ea100000)
  from space 12800K, 99% used [0x00000000eb200000,0x00000000ebe7c8a8,0x00000000ebe80000)
  to   space 17408K, 0% used [0x00000000ea100000,0x00000000ea100000,0x00000000eb200000)
 ParOldGen       total 100864K, used 21835K [0x00000000a0000000, 0x00000000a6280000, 0x00000000e0000000)
  object space 100864K, 21% used [0x00000000a0000000,0x00000000a1552d70,0x00000000a6280000)
 Metaspace       used 53098K, capacity 54594K, committed 54832K, reserved 1097728K
  class space    used 7059K, capacity 7386K, committed 7472K, reserved 1048576K
Event: 17.698 GC heap after
Heap after GC invocations=11 (full 2):
 PSYoungGen      total 182272K, used 17394K [0x00000000e0000000, 0x00000000ef600000, 0x0000000100000000)
  eden space 164864K, 0% used [0x00000000e0000000,0x00000000e0000000,0x00000000ea100000)
  from space 17408K, 99% used [0x00000000ea100000,0x00000000eb1fc918,0x00000000eb200000)
  to   space 24064K, 0% used [0x00000000ede80000,0x00000000ede80000,0x00000000ef600000)
 ParOldGen       total 100864K, used 32946K [0x00000000a0000000, 0x00000000a6280000, 0x00000000e0000000)
  object space 100864K, 32% used [0x00000000a0000000,0x00000000a202c820,0x00000000a6280000)
 Metaspace       used 53098K, capacity 54594K, committed 54832K, reserved 1097728K
  class space    used 7059K, capacity 7386K, committed 7472K, reserved 1048576K
}
Event: 22.428 GC heap before
{Heap before GC invocations=12 (full 2):
 PSYoungGen      total 182272K, used 159609K [0x00000000e0000000, 0x00000000ef600000, 0x0000000100000000)
  eden space 164864K, 86% used [0x00000000e0000000,0x00000000e8ae1eb0,0x00000000ea100000)
  from space 17408K, 99% used [0x00000000ea100000,0x00000000eb1fc918,0x00000000eb200000)
  to   space 24064K, 0% used [0x00000000ede80000,0x00000000ede80000,0x00000000ef600000)
 ParOldGen       total 100864K, used 32946K [0x00000000a0000000, 0x00000000a6280000, 0x00000000e0000000)
  object space 100864K, 32% used [0x00000000a0000000,0x00000000a202c820,0x00000000a6280000)
 Metaspace       used 57386K, capacity 59042K, committed 59160K, reserved 1099776K
  class space    used 7623K, capacity 7960K, committed 7984K, reserved 1048576K

